<?xml version="1.0" encoding="UTF-8"?>
<!-- Generated by org.testng.reporters.JUnitXMLReporter -->
<testsuite ignored="2" hostname="DESKTOP-SBLFK3K" failures="0" tests="6" name="Test2" time="206.0" errors="0" timestamp="2024-05-04T15:56:57 IST">
  <testcase classname="com.comcast.crm.basetest.contactTest" name="createContactTest" time="23.471"/>
  <testcase classname="com.comcast.crm.basetest.contactTest" name="createContactWithOrgTest" time="36.198"/>
  <testcase classname="com.comcast.crm.basetest.contactTest" name="createcontactWithSupportDateTest" time="19.946"/>
  <testcase classname="com.comcast.crm.basetest.orgTest" name="CrOrgWithInduTest" time="24.138"/>
  <testcase classname="com.comcast.crm.basetest.orgTest" name="createOrgTest" time="16.79"/>
  <testcase classname="com.comcast.crm.basetest.orgTest" name="phonenumbertest" time="19.883"/>
  <testcase classname="com.comcast.crm.basetest.BaseclassTest" name="@AfterSuite configAS" time="0.0">
    <ignored/>
  </testcase> <!-- @AfterSuite configAS -->
  <testcase classname="com.comcast.crm.basetest.BaseclassTest" name="@BeforeSuite configBS" time="0.0">
    <ignored/>
  </testcase> <!-- @BeforeSuite configBS -->
</testsuite> <!-- Test2 -->
