<?xml version="1.0" encoding="UTF-8"?>
<!-- Generated by org.testng.reporters.JUnitXMLReporter -->
<testsuite ignored="2" hostname="DESKTOP-SBLFK3K" failures="0" tests="6" name="Test1" time="205.427" errors="0" timestamp="2024-05-04T15:56:57 IST">
  <testcase classname="com.comcast.crm.basetest.contactTest" name="createContactTest" time="21.491"/>
  <testcase classname="com.comcast.crm.basetest.contactTest" name="createContactWithOrgTest" time="35.37"/>
  <testcase classname="com.comcast.crm.basetest.contactTest" name="createcontactWithSupportDateTest" time="19.441"/>
  <testcase classname="com.comcast.crm.basetest.orgTest" name="CrOrgWithInduTest" time="16.519"/>
  <testcase classname="com.comcast.crm.basetest.orgTest" name="createOrgTest" time="18.448"/>
  <testcase classname="com.comcast.crm.basetest.orgTest" name="phonenumbertest" time="18.687"/>
  <testcase classname="com.comcast.crm.basetest.BaseclassTest" name="@BeforeSuite configBS" time="0.0">
    <ignored/>
  </testcase> <!-- @BeforeSuite configBS -->
  <testcase classname="com.comcast.crm.basetest.BaseclassTest" name="@AfterSuite configAS" time="0.0">
    <ignored/>
  </testcase> <!-- @AfterSuite configAS -->
</testsuite> <!-- Test1 -->
